<?xml version="1.0" encoding="UTF-8"?>
<testng-results skipped="0" failed="0" total="1" passed="1">
  <reporter-output>
  </reporter-output>
  <suite name="Default suite" duration-ms="23149" started-at="2019-12-31T19:09:33Z" finished-at="2019-12-31T19:09:56Z">
    <groups>
    </groups>
    <test name="Default test" duration-ms="23149" started-at="2019-12-31T19:09:33Z" finished-at="2019-12-31T19:09:56Z">
      <class name="ecomm_TestCase.OrderPDFSave">
        <test-method status="PASS" signature="setup()[pri:0, instance:ecomm_TestCase.OrderPDFSave@59f99ea]" name="setup" is-config="true" duration-ms="17418" started-at="2020-01-01T00:39:33Z" finished-at="2020-01-01T00:39:51Z">
          <reporter-output>
          </reporter-output>
        </test-method> <!-- setup -->
        <test-method status="PASS" signature="OrderSave()[pri:0, instance:ecomm_TestCase.OrderPDFSave@59f99ea]" name="OrderSave" duration-ms="5403" started-at="2020-01-01T00:39:51Z" finished-at="2020-01-01T00:39:56Z">
          <reporter-output>
          </reporter-output>
        </test-method> <!-- OrderSave -->
      </class> <!-- ecomm_TestCase.OrderPDFSave -->
    </test> <!-- Default test -->
  </suite> <!-- Default suite -->
</testng-results>
